<?xml version="1.0" encoding="UTF-8"?>
<testsuite name="org.quizsystem.QuizNotifierTest" tests="2" skipped="0" failures="0" errors="0" timestamp="2025-04-05T03:17:10" hostname="Sumanths-MacBook-Air.local" time="0.001">
  <properties/>
  <testcase name="testNotifyObservers()" classname="org.quizsystem.QuizNotifierTest" time="0.0"/>
  <testcase name="testRemoveObserver()" classname="org.quizsystem.QuizNotifierTest" time="0.001"/>
  <system-out><![CDATA[]]></system-out>
  <system-err><![CDATA[]]></system-err>
</testsuite>
