<?xml version="1.0" encoding="UTF-8"?>
<testsuite name="org.quizsystem.QuizFeatureDecoratorTest" tests="4" skipped="0" failures="0" errors="0" timestamp="2025-04-05T03:17:10" hostname="Sumanths-MacBook-Air.local" time="0.002">
  <properties/>
  <testcase name="testBasicQuiz()" classname="org.quizsystem.QuizFeatureDecoratorTest" time="0.0"/>
  <testcase name="testQuizWithMultipleFeatures()" classname="org.quizsystem.QuizFeatureDecoratorTest" time="0.0"/>
  <testcase name="testQuizWithHint()" classname="org.quizsystem.QuizFeatureDecoratorTest" time="0.001"/>
  <testcase name="testQuizWithTimer()" classname="org.quizsystem.QuizFeatureDecoratorTest" time="0.0"/>
  <system-out><![CDATA[Basic Quiz Started.
Basic Quiz Started.
Hints Enabled.
Timer Enabled.
Basic Quiz Started.
Hints Enabled.
Basic Quiz Started.
Timer Enabled.
]]></system-out>
  <system-err><![CDATA[]]></system-err>
</testsuite>
