<?xml version="1.0" encoding="UTF-8"?>
<testsuite name="org.quizsystem.BenchmarkingToolsTest" tests="4" skipped="0" failures="0" errors="0" timestamp="2025-04-05T03:17:10" hostname="Sumanths-MacBook-Air.local" time="0.046">
  <properties/>
  <testcase name="testMeasurePeakMemoryUsage()" classname="org.quizsystem.BenchmarkingToolsTest" time="0.038"/>
  <testcase name="testWarmUpJVM()" classname="org.quizsystem.BenchmarkingToolsTest" time="0.001"/>
  <testcase name="testMeasureExecutionTime()" classname="org.quizsystem.BenchmarkingToolsTest" time="0.001"/>
  <testcase name="testMeasureMemoryUsage()" classname="org.quizsystem.BenchmarkingToolsTest" time="0.004"/>
  <system-out><![CDATA[Memory Test Task peak memory usage: 40894464 bytes
Memory Test Task peak memory usage: -532552 bytes
Warming up JVM...
JVM warm-up complete.
TestTask execution time: 6083 ns
TestMemoryTask memory usage: 524288 bytes
]]></system-out>
  <system-err><![CDATA[]]></system-err>
</testsuite>
