<?xml version="1.0" encoding="UTF-8"?>
<testsuite name="org.quizsystem.ScoringStrategyTest" tests="3" skipped="0" failures="0" errors="0" timestamp="2025-04-05T03:17:10" hostname="Sumanths-MacBook-Air.local" time="0.001">
  <properties/>
  <testcase name="testEasyScoring()" classname="org.quizsystem.ScoringStrategyTest" time="0.001"/>
  <testcase name="testMediumScoring()" classname="org.quizsystem.ScoringStrategyTest" time="0.0"/>
  <testcase name="testHardScoring()" classname="org.quizsystem.ScoringStrategyTest" time="0.0"/>
  <system-out><![CDATA[]]></system-out>
  <system-err><![CDATA[]]></system-err>
</testsuite>
