<?xml version="1.0" encoding="UTF-8"?>
<testsuite name="org.quizsystem.QuestionBankSingletonTest" tests="4" skipped="0" failures="0" errors="0" timestamp="2025-04-05T03:17:10" hostname="Sumanths-MacBook-Air.local" time="0.002">
  <properties/>
  <testcase name="testLazySingleton()" classname="org.quizsystem.QuestionBankSingletonTest" time="0.0"/>
  <testcase name="testGetInitializationTypeEager()" classname="org.quizsystem.QuestionBankSingletonTest" time="0.0"/>
  <testcase name="testEagerSingleton()" classname="org.quizsystem.QuestionBankSingletonTest" time="0.0"/>
  <testcase name="testGetInitializationTypeLazy()" classname="org.quizsystem.QuestionBankSingletonTest" time="0.0"/>
  <system-out><![CDATA[]]></system-out>
  <system-err><![CDATA[]]></system-err>
</testsuite>
